2024-07-22 00:25:32 [File Watcher] INFO  o.s.b.d.a.LocalDevToolsAutoConfiguration$RestartingClassPathChangeChangedEventListener -
				Restarting due to 10 class path changes (0 additions, 10 deletions, 0 modifications)
2024-07-22 00:25:33 [Thread-1] INFO  o.a.coyote.http11.Http11NioProtocol -
				Stopping ProtocolHandler ["http-nio-8088"]
2024-07-22 00:25:36 [restartedMain] INFO  c.t.p.TheaterPaymentApplication -
				Starting TheaterPaymentApplication using Java 22.0.1 with PID 24552 (C:\Applications_Projects\CaseStudy\Theater-Payment\target\classes started by parikg in C:\Applications_Projects\CaseStudy\Theater-Payment)
2024-07-22 00:25:36 [restartedMain] INFO  c.t.p.TheaterPaymentApplication -
				No active profile set, falling back to 1 default profile: "default"
2024-07-22 00:25:38 [restartedMain] INFO  o.s.b.w.e.tomcat.TomcatWebServer -
				Tomcat initialized with port 8088 (http)
2024-07-22 00:25:38 [restartedMain] INFO  o.a.coyote.http11.Http11NioProtocol -
				Initializing ProtocolHandler ["http-nio-8088"]
2024-07-22 00:25:38 [restartedMain] INFO  o.a.catalina.core.StandardService -
				Starting service [Tomcat]
2024-07-22 00:25:38 [restartedMain] INFO  o.a.catalina.core.StandardEngine -
				Starting Servlet engine: [Apache Tomcat/10.1.25]
2024-07-22 00:25:38 [restartedMain] INFO  o.a.c.c.C.[Tomcat].[localhost].[/] -
				Initializing Spring embedded WebApplicationContext
2024-07-22 00:25:38 [restartedMain] INFO  o.s.b.w.s.c.ServletWebServerApplicationContext -
				Root WebApplicationContext: initialization completed in 2130 ms
2024-07-22 00:25:38 [restartedMain] INFO  c.t.p.TheaterPaymentApplication -
				CORS mappings configured: allow all origins and methods.
2024-07-22 00:25:39 [restartedMain] WARN  o.s.b.d.a.OptionalLiveReloadServer -
				Unable to start LiveReload server
2024-07-22 00:25:39 [restartedMain] INFO  o.a.coyote.http11.Http11NioProtocol -
				Starting ProtocolHandler ["http-nio-8088"]
2024-07-22 00:25:39 [restartedMain] INFO  o.s.b.w.e.tomcat.TomcatWebServer -
				Tomcat started on port 8088 (http) with context path '/'
2024-07-22 00:25:39 [restartedMain] INFO  c.t.p.TheaterPaymentApplication -
				Started TheaterPaymentApplication in 4.095 seconds (process running for 6648.489)
2024-07-22 00:25:39 [restartedMain] INFO  o.s.b.d.a.ConditionEvaluationDeltaLoggingListener -
				Condition evaluation unchanged
2024-07-22 00:25:39 [restartedMain] INFO  c.t.p.TheaterPaymentApplication -
				Theater Payment Application has started.
2024-07-22 00:25:41 [File Watcher] INFO  o.s.b.d.a.LocalDevToolsAutoConfiguration$RestartingClassPathChangeChangedEventListener -
				Restarting due to 7 class path changes (7 additions, 0 deletions, 0 modifications)
2024-07-22 00:25:41 [Thread-5] INFO  o.a.coyote.http11.Http11NioProtocol -
				Stopping ProtocolHandler ["http-nio-8088"]
2024-07-22 00:25:41 [restartedMain] INFO  c.t.p.TheaterPaymentApplication -
				Starting TheaterPaymentApplication using Java 22.0.1 with PID 24552 (C:\Applications_Projects\CaseStudy\Theater-Payment\target\classes started by parikg in C:\Applications_Projects\CaseStudy\Theater-Payment)
2024-07-22 00:25:41 [restartedMain] INFO  c.t.p.TheaterPaymentApplication -
				No active profile set, falling back to 1 default profile: "default"
2024-07-22 00:25:42 [restartedMain] INFO  o.s.b.w.e.tomcat.TomcatWebServer -
				Tomcat initialized with port 8088 (http)
2024-07-22 00:25:42 [restartedMain] INFO  o.a.coyote.http11.Http11NioProtocol -
				Initializing ProtocolHandler ["http-nio-8088"]
2024-07-22 00:25:42 [restartedMain] INFO  o.a.catalina.core.StandardService -
				Starting service [Tomcat]
2024-07-22 00:25:42 [restartedMain] INFO  o.a.catalina.core.StandardEngine -
				Starting Servlet engine: [Apache Tomcat/10.1.25]
2024-07-22 00:25:43 [restartedMain] INFO  o.a.c.c.C.[Tomcat].[localhost].[/] -
				Initializing Spring embedded WebApplicationContext
2024-07-22 00:25:43 [restartedMain] INFO  o.s.b.w.s.c.ServletWebServerApplicationContext -
				Root WebApplicationContext: initialization completed in 1437 ms
2024-07-22 00:25:43 [restartedMain] INFO  c.t.p.TheaterPaymentApplication -
				CORS mappings configured: allow all origins and methods.
2024-07-22 00:25:43 [restartedMain] WARN  o.s.b.d.a.OptionalLiveReloadServer -
				Unable to start LiveReload server
2024-07-22 00:25:43 [restartedMain] INFO  o.a.coyote.http11.Http11NioProtocol -
				Starting ProtocolHandler ["http-nio-8088"]
2024-07-22 00:25:43 [restartedMain] INFO  o.s.b.w.e.tomcat.TomcatWebServer -
				Tomcat started on port 8088 (http) with context path '/'
2024-07-22 00:25:43 [restartedMain] INFO  c.t.p.TheaterPaymentApplication -
				Started TheaterPaymentApplication in 1.809 seconds (process running for 6652.008)
2024-07-22 00:25:43 [restartedMain] INFO  o.s.b.d.a.ConditionEvaluationDeltaLoggingListener -
				Condition evaluation unchanged
2024-07-22 00:25:43 [restartedMain] INFO  c.t.p.TheaterPaymentApplication -
				Theater Payment Application has started.
2024-07-22 00:30:48 [RMI TCP Connection(126)-127.0.0.1] INFO  o.s.b.a.SpringApplicationAdminMXBeanRegistrar$SpringApplicationAdmin -
				Application shutdown requested.
2024-07-22 00:30:48 [RMI TCP Connection(126)-127.0.0.1] INFO  o.a.coyote.http11.Http11NioProtocol -
				Stopping ProtocolHandler ["http-nio-8088"]
2024-07-22 09:45:24 [restartedMain] INFO  c.t.p.TheaterPaymentApplication -
				Starting TheaterPaymentApplication using Java 22.0.1 with PID 27024 (C:\Applications_Projects\CaseStudy\Theater-Payment\target\classes started by parikg in C:\Applications_Projects\CaseStudy\Theater-Payment)
2024-07-22 09:45:24 [restartedMain] INFO  c.t.p.TheaterPaymentApplication -
				No active profile set, falling back to 1 default profile: "default"
2024-07-22 09:45:24 [restartedMain] INFO  o.s.b.d.e.DevToolsPropertyDefaultsPostProcessor -
				Devtools property defaults active! Set 'spring.devtools.add-properties' to 'false' to disable
2024-07-22 09:45:24 [restartedMain] INFO  o.s.b.d.e.DevToolsPropertyDefaultsPostProcessor -
				For additional web related logging consider setting the 'logging.level.web' property to 'DEBUG'
2024-07-22 09:45:27 [restartedMain] INFO  o.s.b.w.e.tomcat.TomcatWebServer -
				Tomcat initialized with port 8088 (http)
2024-07-22 09:45:27 [restartedMain] INFO  o.a.coyote.http11.Http11NioProtocol -
				Initializing ProtocolHandler ["http-nio-8088"]
2024-07-22 09:45:27 [restartedMain] INFO  o.a.catalina.core.StandardService -
				Starting service [Tomcat]
2024-07-22 09:45:27 [restartedMain] INFO  o.a.catalina.core.StandardEngine -
				Starting Servlet engine: [Apache Tomcat/10.1.25]
2024-07-22 09:45:27 [restartedMain] INFO  o.a.c.c.C.[Tomcat].[localhost].[/] -
				Initializing Spring embedded WebApplicationContext
2024-07-22 09:45:27 [restartedMain] INFO  o.s.b.w.s.c.ServletWebServerApplicationContext -
				Root WebApplicationContext: initialization completed in 2685 ms
2024-07-22 09:45:27 [restartedMain] INFO  c.t.p.TheaterPaymentApplication -
				CORS mappings configured: allow all origins and methods.
2024-07-22 09:45:28 [restartedMain] INFO  o.s.b.d.a.OptionalLiveReloadServer -
				LiveReload server is running on port 35729
2024-07-22 09:45:28 [restartedMain] INFO  o.a.coyote.http11.Http11NioProtocol -
				Starting ProtocolHandler ["http-nio-8088"]
2024-07-22 09:45:28 [restartedMain] INFO  o.s.b.w.e.tomcat.TomcatWebServer -
				Tomcat started on port 8088 (http) with context path '/'
2024-07-22 09:45:28 [restartedMain] INFO  c.t.p.TheaterPaymentApplication -
				Started TheaterPaymentApplication in 5.092 seconds (process running for 6.833)
2024-07-22 09:45:28 [restartedMain] INFO  c.t.p.TheaterPaymentApplication -
				Theater Payment Application has started.
2024-07-22 09:45:53 [RMI TCP Connection(8)-127.0.0.1] INFO  o.s.b.a.SpringApplicationAdminMXBeanRegistrar$SpringApplicationAdmin -
				Application shutdown requested.
2024-07-22 09:45:53 [RMI TCP Connection(8)-127.0.0.1] INFO  o.a.coyote.http11.Http11NioProtocol -
				Stopping ProtocolHandler ["http-nio-8088"]
2024-07-22 09:46:19 [restartedMain] INFO  c.t.p.TheaterPaymentApplication -
				Starting TheaterPaymentApplication using Java 22.0.1 with PID 1724 (C:\Applications_Projects\CaseStudy\Theater-Payment\target\classes started by parikg in C:\Applications_Projects\CaseStudy\Theater-Payment)
2024-07-22 09:46:19 [restartedMain] INFO  c.t.p.TheaterPaymentApplication -
				No active profile set, falling back to 1 default profile: "default"
2024-07-22 09:46:20 [restartedMain] INFO  o.s.b.d.e.DevToolsPropertyDefaultsPostProcessor -
				Devtools property defaults active! Set 'spring.devtools.add-properties' to 'false' to disable
2024-07-22 09:46:20 [restartedMain] INFO  o.s.b.d.e.DevToolsPropertyDefaultsPostProcessor -
				For additional web related logging consider setting the 'logging.level.web' property to 'DEBUG'
2024-07-22 09:46:33 [restartedMain] INFO  o.s.b.w.e.tomcat.TomcatWebServer -
				Tomcat initialized with port 8088 (http)
2024-07-22 09:46:33 [restartedMain] INFO  o.a.coyote.http11.Http11NioProtocol -
				Initializing ProtocolHandler ["http-nio-8088"]
2024-07-22 09:46:33 [restartedMain] INFO  o.a.catalina.core.StandardService -
				Starting service [Tomcat]
2024-07-22 09:46:33 [restartedMain] INFO  o.a.catalina.core.StandardEngine -
				Starting Servlet engine: [Apache Tomcat/10.1.25]
2024-07-22 09:46:34 [restartedMain] INFO  o.a.c.c.C.[Tomcat].[localhost].[/] -
				Initializing Spring embedded WebApplicationContext
2024-07-22 09:46:34 [restartedMain] INFO  o.s.b.w.s.c.ServletWebServerApplicationContext -
				Root WebApplicationContext: initialization completed in 13855 ms
2024-07-22 09:46:41 [restartedMain] INFO  c.t.p.TheaterPaymentApplication -
				CORS mappings configured: allow all origins and methods.
2024-07-22 09:46:43 [restartedMain] INFO  o.s.b.d.a.OptionalLiveReloadServer -
				LiveReload server is running on port 35729
2024-07-22 09:46:43 [restartedMain] INFO  o.a.coyote.http11.Http11NioProtocol -
				Starting ProtocolHandler ["http-nio-8088"]
2024-07-22 09:46:43 [restartedMain] INFO  o.s.b.w.e.tomcat.TomcatWebServer -
				Tomcat started on port 8088 (http) with context path '/'
2024-07-22 09:46:43 [restartedMain] INFO  c.t.p.TheaterPaymentApplication -
				Started TheaterPaymentApplication in 29.928 seconds (process running for 34.649)
2024-07-22 09:46:43 [restartedMain] INFO  c.t.p.TheaterPaymentApplication -
				Theater Payment Application has started.
2024-07-22 09:54:19 [http-nio-8088-exec-3] INFO  o.a.c.c.C.[Tomcat].[localhost].[/] -
				Initializing Spring DispatcherServlet 'dispatcherServlet'
2024-07-22 09:54:19 [http-nio-8088-exec-3] INFO  o.s.web.servlet.DispatcherServlet -
				Initializing Servlet 'dispatcherServlet'
2024-07-22 09:54:19 [http-nio-8088-exec-3] INFO  o.s.web.servlet.DispatcherServlet -
				Completed initialization in 2 ms
2024-07-22 09:54:22 [http-nio-8088-exec-4] INFO  c.t.p.controller.RazorpayController -
				Razorpay order created successfully. Order ID: order_ObXqbrtVEBRVxM
2024-07-22 15:22:17 [http-nio-8088-exec-1] ERROR c.t.p.controller.RazorpayController -
				Error creating Razorpay order: BAD_REQUEST_ERROR:Order amount less than minimum amount allowed
com.razorpay.RazorpayException: BAD_REQUEST_ERROR:Order amount less than minimum amount allowed
	at com.razorpay.ApiClient.throwException(ApiClient.java:228)
	at com.razorpay.ApiClient.processResponse(ApiClient.java:180)
	at com.razorpay.ApiClient.post(ApiClient.java:55)
	at com.razorpay.OrderClient.post(OrderClient.java:7)
	at com.razorpay.ApiClient.post(ApiClient.java:50)
	at com.razorpay.OrderClient.post(OrderClient.java:7)
	at com.razorpay.OrderClient.create(OrderClient.java:14)
	at com.theater.payment.controller.RazorpayController.createRazorPayOrder(RazorpayController.java:68)
	at com.theater.payment.controller.RazorpayController.createOrder(RazorpayController.java:39)
	at java.base/jdk.internal.reflect.DirectMethodHandleAccessor.invoke(DirectMethodHandleAccessor.java:103)
	at java.base/java.lang.reflect.Method.invoke(Method.java:580)
	at org.springframework.web.method.support.InvocableHandlerMethod.doInvoke(InvocableHandlerMethod.java:255)
	at org.springframework.web.method.support.InvocableHandlerMethod.invokeForRequest(InvocableHandlerMethod.java:188)
	at org.springframework.web.servlet.mvc.method.annotation.ServletInvocableHandlerMethod.invokeAndHandle(ServletInvocableHandlerMethod.java:118)
	at org.springframework.web.servlet.mvc.method.annotation.RequestMappingHandlerAdapter.invokeHandlerMethod(RequestMappingHandlerAdapter.java:926)
	at org.springframework.web.servlet.mvc.method.annotation.RequestMappingHandlerAdapter.handleInternal(RequestMappingHandlerAdapter.java:831)
	at org.springframework.web.servlet.mvc.method.AbstractHandlerMethodAdapter.handle(AbstractHandlerMethodAdapter.java:87)
	at org.springframework.web.servlet.DispatcherServlet.doDispatch(DispatcherServlet.java:1089)
	at org.springframework.web.servlet.DispatcherServlet.doService(DispatcherServlet.java:979)
	at org.springframework.web.servlet.FrameworkServlet.processRequest(FrameworkServlet.java:1014)
	at org.springframework.web.servlet.FrameworkServlet.doPost(FrameworkServlet.java:914)
	at jakarta.servlet.http.HttpServlet.service(HttpServlet.java:590)
	at org.springframework.web.servlet.FrameworkServlet.service(FrameworkServlet.java:885)
	at jakarta.servlet.http.HttpServlet.service(HttpServlet.java:658)
	at org.apache.catalina.core.ApplicationFilterChain.internalDoFilter(ApplicationFilterChain.java:195)
	at org.apache.catalina.core.ApplicationFilterChain.doFilter(ApplicationFilterChain.java:140)
	at org.apache.tomcat.websocket.server.WsFilter.doFilter(WsFilter.java:51)
	at org.apache.catalina.core.ApplicationFilterChain.internalDoFilter(ApplicationFilterChain.java:164)
	at org.apache.catalina.core.ApplicationFilterChain.doFilter(ApplicationFilterChain.java:140)
	at org.springframework.web.filter.RequestContextFilter.doFilterInternal(RequestContextFilter.java:100)
	at org.springframework.web.filter.OncePerRequestFilter.doFilter(OncePerRequestFilter.java:116)
	at org.apache.catalina.core.ApplicationFilterChain.internalDoFilter(ApplicationFilterChain.java:164)
	at org.apache.catalina.core.ApplicationFilterChain.doFilter(ApplicationFilterChain.java:140)
	at org.springframework.web.filter.FormContentFilter.doFilterInternal(FormContentFilter.java:93)
	at org.springframework.web.filter.OncePerRequestFilter.doFilter(OncePerRequestFilter.java:116)
	at org.apache.catalina.core.ApplicationFilterChain.internalDoFilter(ApplicationFilterChain.java:164)
	at org.apache.catalina.core.ApplicationFilterChain.doFilter(ApplicationFilterChain.java:140)
	at org.springframework.web.filter.CharacterEncodingFilter.doFilterInternal(CharacterEncodingFilter.java:201)
	at org.springframework.web.filter.OncePerRequestFilter.doFilter(OncePerRequestFilter.java:116)
	at org.apache.catalina.core.ApplicationFilterChain.internalDoFilter(ApplicationFilterChain.java:164)
	at org.apache.catalina.core.ApplicationFilterChain.doFilter(ApplicationFilterChain.java:140)
	at org.apache.catalina.core.StandardWrapperValve.invoke(StandardWrapperValve.java:167)
	at org.apache.catalina.core.StandardContextValve.invoke(StandardContextValve.java:90)
	at org.apache.catalina.authenticator.AuthenticatorBase.invoke(AuthenticatorBase.java:482)
	at org.apache.catalina.core.StandardHostValve.invoke(StandardHostValve.java:115)
	at org.apache.catalina.valves.ErrorReportValve.invoke(ErrorReportValve.java:93)
	at org.apache.catalina.core.StandardEngineValve.invoke(StandardEngineValve.java:74)
	at org.apache.catalina.connector.CoyoteAdapter.service(CoyoteAdapter.java:344)
	at org.apache.coyote.http11.Http11Processor.service(Http11Processor.java:389)
	at org.apache.coyote.AbstractProcessorLight.process(AbstractProcessorLight.java:63)
	at org.apache.coyote.AbstractProtocol$ConnectionHandler.process(AbstractProtocol.java:904)
	at org.apache.tomcat.util.net.NioEndpoint$SocketProcessor.doRun(NioEndpoint.java:1741)
	at org.apache.tomcat.util.net.SocketProcessorBase.run(SocketProcessorBase.java:52)
	at org.apache.tomcat.util.threads.ThreadPoolExecutor.runWorker(ThreadPoolExecutor.java:1190)
	at org.apache.tomcat.util.threads.ThreadPoolExecutor$Worker.run(ThreadPoolExecutor.java:659)
	at org.apache.tomcat.util.threads.TaskThread$WrappingRunnable.run(TaskThread.java:63)
	at java.base/java.lang.Thread.run(Thread.java:1570)
