2024-08-05 12:26:34 [main] INFO  c.e.EurekaServiceApplicationTests -
				Starting EurekaServiceApplicationTests using Java 22.0.1 with PID 22004 (started by parikg in C:\Applications_Projects\CaseStudy\Eureka-service)
2024-08-05 12:26:34 [main] INFO  c.e.EurekaServiceApplicationTests -
				No active profile set, falling back to 1 default profile: "default"
2024-08-05 12:26:36 [main] INFO  o.s.cloud.context.scope.GenericScope -
				BeanFactory id=dfddd0d7-9403-3e0a-bab6-423a4d60c599
2024-08-05 12:26:37 [main] WARN  o.s.c.s.PostProcessorRegistrationDelegate$BeanPostProcessorChecker -
				Bean 'org.springframework.cloud.client.loadbalancer.LoadBalancerAutoConfiguration$DeferringLoadBalancerInterceptorConfig' of type [org.springframework.cloud.client.loadbalancer.LoadBalancerAutoConfiguration$DeferringLoadBalancerInterceptorConfig] is not eligible for getting processed by all BeanPostProcessors (for example: not eligible for auto-proxying). The currently created BeanPostProcessor [lbRestClientPostProcessor] is declared through a non-static factory method on that class; consider declaring it as static instead.
2024-08-05 12:26:37 [main] WARN  o.s.c.s.PostProcessorRegistrationDelegate$BeanPostProcessorChecker -
				Bean 'deferringLoadBalancerInterceptor' of type [org.springframework.cloud.client.loadbalancer.DeferringLoadBalancerInterceptor] is not eligible for getting processed by all BeanPostProcessors (for example: not eligible for auto-proxying). Is this bean getting eagerly injected into a currently created BeanPostProcessor [lbRestClientPostProcessor]? Check the corresponding BeanPostProcessor declaration and its dependencies.
2024-08-05 12:26:39 [main] WARN  o.s.c.l.c.LoadBalancerCacheAutoConfiguration$LoadBalancerCaffeineWarnLogger -
				Spring Cloud LoadBalancer is currently working with the default cache. While this cache implementation is useful for development and tests, it's recommended to use Caffeine cache in production.You can switch to using Caffeine cache, by adding it and org.springframework.cache.caffeine.CaffeineCacheManager to the classpath.
2024-08-05 12:26:40 [main] INFO  o.s.c.n.eureka.InstanceInfoFactory -
				Setting initial instance status as: STARTING
2024-08-05 12:26:40 [main] INFO  c.netflix.discovery.DiscoveryClient -
				Initializing Eureka in region us-east-1
2024-08-05 12:26:40 [main] INFO  c.netflix.discovery.DiscoveryClient -
				Client configured to neither register nor query for data.
2024-08-05 12:26:40 [main] INFO  c.netflix.discovery.DiscoveryClient -
				Discovery Client initialized at timestamp 1722841000095 with initial instances count: 0
2024-08-05 12:26:40 [main] INFO  c.n.e.DefaultEurekaServerContext -
				Initializing ...
2024-08-05 12:26:40 [main] INFO  c.n.eureka.cluster.PeerEurekaNodes -
				Adding new peer nodes [http://localhost:8761/eureka/]
2024-08-05 12:26:40 [main] INFO  c.n.d.p.DiscoveryJerseyProvider -
				Using JSON encoding codec LegacyJacksonJson
2024-08-05 12:26:40 [main] INFO  c.n.d.p.DiscoveryJerseyProvider -
				Using JSON decoding codec LegacyJacksonJson
2024-08-05 12:26:40 [main] INFO  c.n.d.p.DiscoveryJerseyProvider -
				Using XML encoding codec XStreamXml
2024-08-05 12:26:40 [main] INFO  c.n.d.p.DiscoveryJerseyProvider -
				Using XML decoding codec XStreamXml
2024-08-05 12:26:40 [main] INFO  c.n.eureka.cluster.PeerEurekaNodes -
				Replica node URL:  http://localhost:8761/eureka/
2024-08-05 12:26:41 [main] INFO  c.n.e.r.AbstractInstanceRegistry -
				Finished initializing remote region registries. All known remote regions: []
2024-08-05 12:26:41 [main] INFO  c.n.e.DefaultEurekaServerContext -
				Initialized
2024-08-05 12:26:41 [main] INFO  o.s.b.a.e.web.EndpointLinksResolver -
				Exposing 1 endpoint beneath base path '/actuator'
2024-08-05 12:26:41 [main] INFO  o.s.c.n.e.s.EurekaServiceRegistry -
				Registering application EUREKA-SERVICE with eureka with status UP
2024-08-05 12:26:41 [Thread-12] INFO  o.s.c.n.e.s.EurekaServerBootstrap -
				isAws returned false
2024-08-05 12:26:41 [Thread-12] INFO  o.s.c.n.e.s.EurekaServerBootstrap -
				Initialized server context
2024-08-05 12:26:41 [Thread-12] INFO  c.n.e.r.PeerAwareInstanceRegistryImpl -
				Got 1 instances from neighboring DS node
2024-08-05 12:26:41 [Thread-12] INFO  c.n.e.r.PeerAwareInstanceRegistryImpl -
				Renew threshold is: 1
2024-08-05 12:26:41 [Thread-12] INFO  c.n.e.r.PeerAwareInstanceRegistryImpl -
				Changing status to UP
2024-08-05 12:26:41 [main] INFO  c.e.EurekaServiceApplicationTests -
				Started EurekaServiceApplicationTests in 8.291 seconds (process running for 11.284)
2024-08-05 12:26:41 [Thread-12] INFO  o.s.c.n.e.s.EurekaServerInitializerConfiguration -
				Started Eureka Server
2024-08-05 12:26:45 [SpringApplicationShutdownHook] INFO  o.s.c.n.e.s.EurekaServiceRegistry -
				Unregistering application EUREKA-SERVICE with eureka with status DOWN
2024-08-05 12:26:45 [SpringApplicationShutdownHook] INFO  o.s.c.n.e.s.EurekaServerBootstrap -
				Shutting down Eureka Server..
2024-08-05 12:26:45 [SpringApplicationShutdownHook] INFO  c.n.e.DefaultEurekaServerContext -
				Shutting down ...
2024-08-05 12:26:45 [SpringApplicationShutdownHook] INFO  c.n.e.DefaultEurekaServerContext -
				Shut down
2024-08-05 12:26:45 [SpringApplicationShutdownHook] INFO  o.s.c.n.e.s.EurekaServerBootstrap -
				Eureka Service is now shutdown...
2024-08-05 12:26:45 [SpringApplicationShutdownHook] INFO  c.n.e.DefaultEurekaServerContext -
				Shutting down ...
2024-08-05 12:26:45 [Eureka-Jersey3Client-Conn-Cleaner2] ERROR c.n.d.s.t.j.EurekaJersey3ClientImpl -
				Cannot clean connections
java.lang.IllegalStateException: Client instance has been closed.
	at org.glassfish.jersey.internal.guava.Preconditions.checkState(Preconditions.java:169)
	at org.glassfish.jersey.client.JerseyClient.checkNotClosed(JerseyClient.java:248)
	at org.glassfish.jersey.client.JerseyClient.getConfiguration(JerseyClient.java:363)
	at org.glassfish.jersey.client.JerseyClient.getConfiguration(JerseyClient.java:54)
	at com.netflix.discovery.shared.transport.jersey3.EurekaJersey3ClientImpl$ConnectionCleanerTask.run(EurekaJersey3ClientImpl.java:347)
	at java.base/java.util.concurrent.Executors$RunnableAdapter.call(Executors.java:572)
	at java.base/java.util.concurrent.FutureTask.run(FutureTask.java:317)
	at java.base/java.util.concurrent.ScheduledThreadPoolExecutor$ScheduledFutureTask.run(ScheduledThreadPoolExecutor.java:304)
	at java.base/java.util.concurrent.ThreadPoolExecutor.runWorker(ThreadPoolExecutor.java:1144)
	at java.base/java.util.concurrent.ThreadPoolExecutor$Worker.run(ThreadPoolExecutor.java:642)
	at java.base/java.lang.Thread.run(Thread.java:1570)
2024-08-05 12:26:45 [SpringApplicationShutdownHook] INFO  c.n.e.DefaultEurekaServerContext -
				Shut down
2024-08-05 12:26:45 [SpringApplicationShutdownHook] INFO  c.netflix.discovery.DiscoveryClient -
				Shutting down DiscoveryClient ...
2024-08-05 12:26:45 [SpringApplicationShutdownHook] INFO  c.netflix.discovery.DiscoveryClient -
				Completed shut down of DiscoveryClient
